# JRE version: OpenJDK Runtime Environment (11.0.15) (build 11.0.15+0-b2043.56-9505619)
# Java VM: OpenJDK 64-Bit Server VM (11.0.15+0-b2043.56-9505619, mixed mode, tiered, compressed oops, g1 gc, windows-amd64)
Heap:
 garbage-first heap   total 647168K, used 194359K [0x0000000080000000, 0x0000000100000000)
  region size 1024K, 14 young (14336K), 14 survivors (14336K)
 Metaspace       used 107597K, capacity 110585K, committed 110896K, reserved 1144832K
  class space    used 13530K, capacity 14663K, committed 14720K, reserved 1048576K
GC Heap History (20 events):
Event: 149.066 GC heap after
{Heap after GC invocations=96 (full 0):
 garbage-first heap   total 466944K, used 171244K [0x0000000080000000, 0x0000000100000000)
  region size 1024K, 2 young (2048K), 2 survivors (2048K)
 Metaspace       used 107089K, capacity 110011K, committed 110128K, reserved 1144832K
  class space    used 13486K, capacity 14627K, committed 14720K, reserved 1048576K
}
Event: 149.168 GC heap before
{Heap before GC invocations=96 (full 0):
 garbage-first heap   total 466944K, used 191724K [0x0000000080000000, 0x0000000100000000)
  region size 1024K, 22 young (22528K), 2 survivors (2048K)
 Metaspace       used 107093K, capacity 110017K, committed 110128K, reserved 1144832K
  class space    used 13486K, capacity 14628K, committed 14720K, reserved 1048576K
}
Event: 149.246 GC heap after
{Heap after GC invocations=97 (full 0):
 garbage-first heap   total 466944K, used 169915K [0x0000000080000000, 0x0000000100000000)
  region size 1024K, 1 young (1024K), 1 survivors (1024K)
 Metaspace       used 107093K, capacity 110017K, committed 110128K, reserved 1144832K
  class space    used 13486K, capacity 14628K, committed 14720K, reserved 1048576K
}
Event: 149.615 GC heap before
{Heap before GC invocations=97 (full 0):
 garbage-first heap   total 466944K, used 213947K [0x0000000080000000, 0x0000000100000000)
  region size 1024K, 44 young (45056K), 1 survivors (1024K)
 Metaspace       used 107131K, capacity 110099K, committed 110384K, reserved 1144832K
  class space    used 13488K, capacity 14631K, committed 14720K, reserved 1048576K
}
Event: 149.630 GC heap after
{Heap after GC invocations=98 (full 0):
 garbage-first heap   total 466944K, used 171346K [0x0000000080000000, 0x0000000100000000)
  region size 1024K, 3 young (3072K), 3 survivors (3072K)
 Metaspace       used 107131K, capacity 110099K, committed 110384K, reserved 1144832K
  class space    used 13488K, capacity 14631K, committed 14720K, reserved 1048576K
}
Event: 149.773 GC heap before
{Heap before GC invocations=98 (full 0):
 garbage-first heap   total 466944K, used 229714K [0x0000000080000000, 0x0000000100000000)
  region size 1024K, 60 young (61440K), 3 survivors (3072K)
 Metaspace       used 107133K, capacity 110099K, committed 110384K, reserved 1144832K
  class space    used 13488K, capacity 14631K, committed 14720K, reserved 1048576K
}
Event: 149.792 GC heap after
{Heap after GC invocations=99 (full 0):
 garbage-first heap   total 466944K, used 173805K [0x0000000080000000, 0x0000000100000000)
  region size 1024K, 5 young (5120K), 5 survivors (5120K)
 Metaspace       used 107133K, capacity 110099K, committed 110384K, reserved 1144832K
  class space    used 13488K, capacity 14631K, committed 14720K, reserved 1048576K
}
Event: 150.045 GC heap before
{Heap before GC invocations=99 (full 0):
 garbage-first heap   total 466944K, used 272109K [0x0000000080000000, 0x0000000100000000)
  region size 1024K, 99 young (101376K), 5 survivors (5120K)
 Metaspace       used 107133K, capacity 110099K, committed 110384K, reserved 1144832K
  class space    used 13488K, capacity 14631K, committed 14720K, reserved 1048576K
}
Event: 150.053 GC heap after
{Heap after GC invocations=100 (full 0):
 garbage-first heap   total 466944K, used 175811K [0x0000000080000000, 0x0000000100000000)
  region size 1024K, 7 young (7168K), 7 survivors (7168K)
 Metaspace       used 107133K, capacity 110099K, committed 110384K, reserved 1144832K
  class space    used 13488K, capacity 14631K, committed 14720K, reserved 1048576K
}
Event: 152.904 GC heap before
{Heap before GC invocations=100 (full 0):
 garbage-first heap   total 466944K, used 315075K [0x0000000080000000, 0x0000000100000000)
  region size 1024K, 138 young (141312K), 7 survivors (7168K)
 Metaspace       used 107535K, capacity 110451K, committed 110640K, reserved 1144832K
  class space    used 13530K, capacity 14663K, committed 14720K, reserved 1048576K
}
Event: 153.026 GC heap after
{Heap after GC invocations=101 (full 0):
 garbage-first heap   total 466944K, used 184516K [0x0000000080000000, 0x0000000100000000)
  region size 1024K, 14 young (14336K), 14 survivors (14336K)
 Metaspace       used 107535K, capacity 110451K, committed 110640K, reserved 1144832K
  class space    used 13530K, capacity 14663K, committed 14720K, reserved 1048576K
}
Event: 153.362 GC heap before
{Heap before GC invocations=101 (full 0):
 garbage-first heap   total 466944K, used 321732K [0x0000000080000000, 0x0000000100000000)
  region size 1024K, 149 young (152576K), 14 survivors (14336K)
 Metaspace       used 107537K, capacity 110451K, committed 110640K, reserved 1144832K
  class space    used 13530K, capacity 14663K, committed 14720K, reserved 1048576K
}
Event: 153.379 GC heap after
{Heap after GC invocations=102 (full 0):
 garbage-first heap   total 466944K, used 184507K [0x0000000080000000, 0x0000000100000000)
  region size 1024K, 11 young (11264K), 11 survivors (11264K)
 Metaspace       used 107537K, capacity 110451K, committed 110640K, reserved 1144832K
  class space    used 13530K, capacity 14663K, committed 14720K, reserved 1048576K
}
Event: 154.244 GC heap before
{Heap before GC invocations=102 (full 0):
 garbage-first heap   total 466944K, used 346299K [0x0000000080000000, 0x0000000100000000)
  region size 1024K, 169 young (173056K), 11 survivors (11264K)
 Metaspace       used 107538K, capacity 110451K, committed 110640K, reserved 1144832K
  class space    used 13530K, capacity 14663K, committed 14720K, reserved 1048576K
}
Event: 154.269 GC heap after
{Heap after GC invocations=103 (full 0):
 garbage-first heap   total 466944K, used 182962K [0x0000000080000000, 0x0000000100000000)
  region size 1024K, 10 young (10240K), 10 survivors (10240K)
 Metaspace       used 107538K, capacity 110451K, committed 110640K, reserved 1144832K
  class space    used 13530K, capacity 14663K, committed 14720K, reserved 1048576K
}
Event: 155.301 GC heap before
{Heap before GC invocations=103 (full 0):
 garbage-first heap   total 466944K, used 372402K [0x0000000080000000, 0x0000000100000000)
  region size 1024K, 192 young (196608K), 10 survivors (10240K)
 Metaspace       used 107551K, capacity 110451K, committed 110640K, reserved 1144832K
  class space    used 13530K, capacity 14663K, committed 14720K, reserved 1048576K
}
Event: 155.313 GC heap after
{Heap after GC invocations=104 (full 0):
 garbage-first heap   total 466944K, used 187579K [0x0000000080000000, 0x0000000100000000)
  region size 1024K, 14 young (14336K), 14 survivors (14336K)
 Metaspace       used 107551K, capacity 110451K, committed 110640K, reserved 1144832K
  class space    used 13530K, capacity 14663K, committed 14720K, reserved 1048576K
}
Event: 156.527 GC heap before
{Heap before GC invocations=104 (full 0):
 garbage-first heap   total 466944K, used 377019K [0x0000000080000000, 0x0000000100000000)
  region size 1024K, 197 young (201728K), 14 survivors (14336K)
 Metaspace       used 107579K, capacity 110516K, committed 110640K, reserved 1144832K
  class space    used 13530K, capacity 14663K, committed 14720K, reserved 1048576K
}
Event: 156.548 GC heap after
{Heap after GC invocations=105 (full 0):
 garbage-first heap   total 466944K, used 191723K [0x0000000080000000, 0x0000000100000000)
  region size 1024K, 18 young (18432K), 18 survivors (18432K)
 Metaspace       used 107579K, capacity 110516K, committed 110640K, reserved 1144832K
  class space    used 13530K, capacity 14663K, committed 14720K, reserved 1048576K
}
Event: 157.566 GC heap before
{Heap before GC invocations=105 (full 0):
 garbage-first heap   total 466944K, used 379115K [0x0000000080000000, 0x0000000100000000)
  region size 1024K, 200 young (204800K), 18 survivors (18432K)
 Metaspace       used 107597K, capacity 110585K, committed 110896K, reserved 1144832K
  class space    used 13530K, capacity 14663K, committed 14720K, reserved 1048576K
}

