# JRE version: OpenJDK Runtime Environment (11.0.15) (build 11.0.15+0-b2043.56-9505619)
# Java VM: OpenJDK 64-Bit Server VM (11.0.15+0-b2043.56-9505619, mixed mode, tiered, compressed oops, g1 gc, windows-amd64)
Heap:
 garbage-first heap   total 393216K, used 247313K [0x0000000080000000, 0x0000000100000000)
  region size 1024K, 12 young (12288K), 6 survivors (6144K)
 Metaspace       used 160186K, capacity 164520K, committed 165936K, reserved 1193984K
  class space    used 19459K, capacity 21102K, committed 21632K, reserved 1048576K
GC Heap History (20 events):
Event: 5736.442 GC heap before
{Heap before GC invocations=202 (full 0):
 garbage-first heap   total 393216K, used 253634K [0x0000000080000000, 0x0000000100000000)
  region size 1024K, 26 young (26624K), 2 survivors (2048K)
 Metaspace       used 159065K, capacity 163185K, committed 165168K, reserved 1193984K
  class space    used 19390K, capacity 20965K, committed 21632K, reserved 1048576K
}
Event: 5736.476 GC heap after
{Heap after GC invocations=203 (full 0):
 garbage-first heap   total 393216K, used 233728K [0x0000000080000000, 0x0000000100000000)
  region size 1024K, 4 young (4096K), 4 survivors (4096K)
 Metaspace       used 159065K, capacity 163185K, committed 165168K, reserved 1193984K
  class space    used 19390K, capacity 20965K, committed 21632K, reserved 1048576K
}
Event: 5739.124 GC heap before
{Heap before GC invocations=204 (full 0):
 garbage-first heap   total 393216K, used 279808K [0x0000000080000000, 0x0000000100000000)
  region size 1024K, 50 young (51200K), 4 survivors (4096K)
 Metaspace       used 159222K, capacity 163435K, committed 165424K, reserved 1193984K
  class space    used 19400K, capacity 21004K, committed 21632K, reserved 1048576K
}
Event: 5739.155 GC heap after
{Heap after GC invocations=205 (full 0):
 garbage-first heap   total 393216K, used 235698K [0x0000000080000000, 0x0000000100000000)
  region size 1024K, 5 young (5120K), 5 survivors (5120K)
 Metaspace       used 159222K, capacity 163435K, committed 165424K, reserved 1193984K
  class space    used 19400K, capacity 21004K, committed 21632K, reserved 1048576K
}
Event: 5739.850 GC heap before
{Heap before GC invocations=205 (full 0):
 garbage-first heap   total 393216K, used 252082K [0x0000000080000000, 0x0000000100000000)
  region size 1024K, 19 young (19456K), 5 survivors (5120K)
 Metaspace       used 159264K, capacity 163563K, committed 165424K, reserved 1193984K
  class space    used 19400K, capacity 21004K, committed 21632K, reserved 1048576K
}
Event: 5739.896 GC heap after
{Heap after GC invocations=206 (full 0):
 garbage-first heap   total 393216K, used 236955K [0x0000000080000000, 0x0000000100000000)
  region size 1024K, 3 young (3072K), 3 survivors (3072K)
 Metaspace       used 159264K, capacity 163563K, committed 165424K, reserved 1193984K
  class space    used 19400K, capacity 21004K, committed 21632K, reserved 1048576K
}
Event: 5741.909 GC heap before
{Heap before GC invocations=206 (full 0):
 garbage-first heap   total 393216K, used 292251K [0x0000000080000000, 0x0000000100000000)
  region size 1024K, 57 young (58368K), 3 survivors (3072K)
 Metaspace       used 159510K, capacity 163831K, committed 165680K, reserved 1193984K
  class space    used 19403K, capacity 21007K, committed 21632K, reserved 1048576K
}
Event: 5741.934 GC heap after
{Heap after GC invocations=207 (full 0):
 garbage-first heap   total 393216K, used 239753K [0x0000000080000000, 0x0000000100000000)
  region size 1024K, 6 young (6144K), 6 survivors (6144K)
 Metaspace       used 159510K, capacity 163831K, committed 165680K, reserved 1193984K
  class space    used 19403K, capacity 21007K, committed 21632K, reserved 1048576K
}
Event: 5743.158 GC heap before
{Heap before GC invocations=208 (full 0):
 garbage-first heap   total 393216K, used 300169K [0x0000000080000000, 0x0000000100000000)
  region size 1024K, 64 young (65536K), 6 survivors (6144K)
 Metaspace       used 159666K, capacity 163945K, committed 165680K, reserved 1193984K
  class space    used 19418K, capacity 21032K, committed 21632K, reserved 1048576K
}
Event: 5743.215 GC heap after
{Heap after GC invocations=209 (full 0):
 garbage-first heap   total 393216K, used 242216K [0x0000000080000000, 0x0000000100000000)
  region size 1024K, 8 young (8192K), 8 survivors (8192K)
 Metaspace       used 159666K, capacity 163945K, committed 165680K, reserved 1193984K
  class space    used 19418K, capacity 21032K, committed 21632K, reserved 1048576K
}
Event: 5743.510 GC heap before
{Heap before GC invocations=209 (full 0):
 garbage-first heap   total 393216K, used 253480K [0x0000000080000000, 0x0000000100000000)
  region size 1024K, 19 young (19456K), 8 survivors (8192K)
 Metaspace       used 159688K, capacity 164015K, committed 165936K, reserved 1193984K
  class space    used 19418K, capacity 21032K, committed 21632K, reserved 1048576K
}
Event: 5743.763 GC heap after
{Heap after GC invocations=210 (full 0):
 garbage-first heap   total 393216K, used 240228K [0x0000000080000000, 0x0000000100000000)
  region size 1024K, 1 young (1024K), 1 survivors (1024K)
 Metaspace       used 159688K, capacity 164015K, committed 165936K, reserved 1193984K
  class space    used 19418K, capacity 21032K, committed 21632K, reserved 1048576K
}
Event: 5744.061 GC heap before
{Heap before GC invocations=210 (full 0):
 garbage-first heap   total 393216K, used 255588K [0x0000000080000000, 0x0000000100000000)
  region size 1024K, 18 young (18432K), 1 survivors (1024K)
 Metaspace       used 159721K, capacity 164018K, committed 165936K, reserved 1193984K
  class space    used 19418K, capacity 21032K, committed 21632K, reserved 1048576K
}
Event: 5744.068 GC heap after
{Heap after GC invocations=211 (full 0):
 garbage-first heap   total 393216K, used 241238K [0x0000000080000000, 0x0000000100000000)
  region size 1024K, 2 young (2048K), 2 survivors (2048K)
 Metaspace       used 159721K, capacity 164018K, committed 165936K, reserved 1193984K
  class space    used 19418K, capacity 21032K, committed 21632K, reserved 1048576K
}
Event: 6709.228 GC heap before
{Heap before GC invocations=212 (full 0):
 garbage-first heap   total 393216K, used 333398K [0x0000000080000000, 0x0000000100000000)
  region size 1024K, 66 young (67584K), 2 survivors (2048K)
 Metaspace       used 160001K, capacity 164340K, committed 165936K, reserved 1193984K
  class space    used 19440K, capacity 21069K, committed 21632K, reserved 1048576K
}
Event: 6709.435 GC heap after
{Heap after GC invocations=213 (full 0):
 garbage-first heap   total 393216K, used 239897K [0x0000000080000000, 0x0000000100000000)
  region size 1024K, 1 young (1024K), 1 survivors (1024K)
 Metaspace       used 160001K, capacity 164340K, committed 165936K, reserved 1193984K
  class space    used 19440K, capacity 21069K, committed 21632K, reserved 1048576K
}
Event: 7587.390 GC heap before
{Heap before GC invocations=213 (full 0):
 garbage-first heap   total 393216K, used 257305K [0x0000000080000000, 0x0000000100000000)
  region size 1024K, 19 young (19456K), 1 survivors (1024K)
 Metaspace       used 160002K, capacity 164340K, committed 165936K, reserved 1193984K
  class space    used 19440K, capacity 21069K, committed 21632K, reserved 1048576K
}
Event: 7587.648 GC heap after
{Heap after GC invocations=214 (full 0):
 garbage-first heap   total 393216K, used 236393K [0x0000000080000000, 0x0000000100000000)
  region size 1024K, 1 young (1024K), 1 survivors (1024K)
 Metaspace       used 160002K, capacity 164340K, committed 165936K, reserved 1193984K
  class space    used 19440K, capacity 21069K, committed 21632K, reserved 1048576K
}
Event: 7598.349 GC heap before
{Heap before GC invocations=214 (full 0):
 garbage-first heap   total 393216K, used 282473K [0x0000000080000000, 0x0000000100000000)
  region size 1024K, 46 young (47104K), 1 survivors (1024K)
 Metaspace       used 160185K, capacity 164520K, committed 165936K, reserved 1193984K
  class space    used 19459K, capacity 21102K, committed 21632K, reserved 1048576K
}
Event: 7598.554 GC heap after
{Heap after GC invocations=215 (full 0):
 garbage-first heap   total 393216K, used 242193K [0x0000000080000000, 0x0000000100000000)
  region size 1024K, 6 young (6144K), 6 survivors (6144K)
 Metaspace       used 160185K, capacity 164520K, committed 165936K, reserved 1193984K
  class space    used 19459K, capacity 21102K, committed 21632K, reserved 1048576K
}

